{
  "RSpec": {
    "coverage": {
      "/home/beck/ringmd/levied/spec/factories/product.rb": [
        1,
        null,
        1,
        1,
        1,
        1,
        1,
        1,
        1,
        1,
        null,
        14,
        null,
        null,
        null,
        1,
        1,
        1,
        1,
        1,
        1,
        1,
        1,
        null,
        5,
        null,
        null,
        null,
        1,
        1,
        1,
        1,
        1,
        1,
        1,
        1,
        null,
        4,
        null,
        null,
        null,
        1,
        1,
        1,
        1,
        1,
        1,
        1,
        1,
        null,
        3,
        null,
        null,
        null,
        1,
        1,
        1,
        1,
        1,
        1,
        1,
        1,
        null,
        4,
        null,
        null
      ],
      "/home/beck/ringmd/levied/lib/product.rb": [
        1,
        null,
        1,
        1,
        null,
        null,
        null,
        null,
        null,
        1,
        26,
        26,
        26,
        26,
        null,
        26,
        156,
        null,
        null,
        26,
        null,
        null,
        null,
        null,
        null,
        null,
        1,
        31,
        null,
        null,
        30,
        null,
        1,
        null,
        null,
        1,
        null
      ],
      "/home/beck/ringmd/levied/lib/error.rb": [
        null,
        1,
        null,
        1,
        null,
        1
      ],
      "/home/beck/ringmd/levied/spec/no_product_spec.rb": [
        1,
        1,
        null,
        1,
        1,
        1,
        1,
        1,
        1,
        1,
        1,
        1,
        null,
        null,
        null
      ],
      "/home/beck/ringmd/levied/lib/no_product.rb": [
        null,
        null,
        null,
        null,
        null,
        1,
        1,
        1,
        1,
        1,
        1,
        null,
        null,
        1,
        1,
        null,
        null,
        null,
        1,
        1,
        null,
        null,
        null,
        1,
        1,
        null,
        null,
        null,
        1,
        1,
        null,
        null,
        null,
        1,
        1,
        null,
        null
      ],
      "/home/beck/ringmd/levied/spec/order_spec.rb": [
        1,
        1,
        null,
        1,
        4,
        3,
        1,
        5,
        null,
        null,
        1,
        1,
        1,
        null,
        null,
        1,
        2,
        null,
        null,
        null,
        1,
        1,
        1,
        1,
        1,
        null,
        null,
        null,
        1,
        1,
        1,
        1,
        1,
        null,
        null,
        null,
        1,
        1,
        1,
        1,
        1,
        null,
        null,
        null
      ],
      "/home/beck/ringmd/levied/lib/order.rb": [
        1,
        null,
        null,
        1,
        1,
        1,
        null,
        null,
        1,
        6,
        null,
        null,
        null,
        null,
        null,
        null,
        1,
        6,
        5,
        null,
        null,
        null,
        null,
        1,
        1,
        null,
        null,
        null,
        null,
        1,
        1,
        null,
        null,
        1,
        null,
        1,
        2,
        2,
        4,
        null,
        2,
        null,
        null,
        1,
        6,
        6,
        null,
        null,
        null,
        null
      ],
      "/home/beck/ringmd/levied/spec/product_parser_spec.rb": [
        1,
        1,
        null,
        1,
        2,
        2,
        null,
        2,
        2,
        null,
        2,
        2,
        null,
        2,
        2,
        null,
        1,
        1,
        1,
        1,
        1,
        1,
        null,
        1,
        1,
        1,
        1,
        null,
        1,
        1,
        1,
        1,
        null,
        1,
        1,
        1,
        1,
        null,
        1,
        1,
        1,
        1,
        null,
        1,
        1,
        1,
        1,
        null,
        1,
        1,
        1,
        1,
        null,
        1,
        1,
        1,
        1,
        null,
        null,
        null,
        null
      ],
      "/home/beck/ringmd/levied/lib/product_parser.rb": [
        1,
        null,
        null,
        null,
        1,
        1,
        null,
        null,
        null,
        null,
        null,
        1,
        8,
        8,
        8,
        null,
        null,
        null,
        1,
        8,
        null,
        null,
        1,
        8,
        8,
        null,
        null,
        1,
        null,
        1,
        8,
        null,
        null,
        1,
        8,
        8,
        20,
        6,
        6,
        null,
        null,
        8,
        null,
        null,
        1,
        8,
        30,
        30,
        null,
        null,
        null
      ],
      "/home/beck/ringmd/levied/lib/identifiers.rb": [
        null,
        null,
        null,
        null,
        1,
        1,
        1,
        1,
        1,
        null,
        1,
        null,
        1,
        null
      ],
      "/home/beck/ringmd/levied/spec/product_spec.rb": [
        1,
        1,
        null,
        1,
        1,
        2,
        null,
        1,
        1,
        1,
        1,
        1,
        1,
        null,
        null,
        1,
        2,
        null,
        null,
        null,
        null
      ],
      "/home/beck/ringmd/levied/spec/receipt_spec.rb": [
        1,
        1,
        1,
        null,
        1,
        1,
        2,
        2,
        1,
        1,
        1,
        1,
        1,
        null,
        null,
        1,
        1,
        1,
        null,
        null,
        2,
        2,
        1,
        2,
        null,
        1,
        1,
        1,
        1,
        null,
        null,
        null
      ],
      "/home/beck/ringmd/levied/lib/receipt.rb": [
        1,
        null,
        1,
        null,
        null,
        null,
        null,
        1,
        1,
        1,
        null,
        null,
        null,
        1,
        1,
        1,
        1,
        1,
        1,
        2,
        null,
        1,
        1,
        1,
        null,
        null,
        null
      ],
      "/home/beck/ringmd/levied/spec/sales_tax/calculator_spec.rb": [
        1,
        1,
        null,
        1,
        1,
        3,
        null,
        null,
        1,
        1,
        1,
        1,
        1,
        1,
        null,
        null,
        null,
        1,
        1,
        1,
        1,
        1,
        null,
        null,
        null,
        null,
        1,
        1,
        1,
        null,
        null,
        null
      ],
      "/home/beck/ringmd/levied/lib/sales_tax/calculator.rb": [
        1,
        1,
        1,
        null,
        1,
        null,
        null,
        1,
        1,
        1,
        null,
        1,
        null,
        null,
        null,
        null,
        null,
        null,
        1,
        12,
        12,
        12,
        null,
        null,
        null,
        1,
        10,
        10,
        null,
        null,
        null,
        1,
        21,
        null,
        null,
        1,
        null,
        1,
        21,
        21,
        21,
        21,
        null,
        null,
        1,
        21,
        null,
        null,
        null
      ],
      "/home/beck/ringmd/levied/lib/sales_tax/values.rb": [
        1,
        null,
        null,
        1,
        1,
        1,
        1,
        1,
        1,
        null,
        null
      ],
      "/home/beck/ringmd/levied/lib/sales_tax/rules.rb": [
        1,
        null,
        null,
        1,
        1,
        22,
        null,
        null
      ],
      "/home/beck/ringmd/levied/lib/core_ext/numeric.rb": [
        null,
        1,
        1,
        21,
        null,
        null
      ],
      "/home/beck/ringmd/levied/spec/sales_tax/context_spec.rb": [
        1,
        1,
        null,
        1,
        2,
        3,
        2,
        2,
        null,
        1,
        1,
        2,
        null,
        null,
        null,
        null,
        1,
        1,
        1,
        1,
        1,
        null,
        null,
        null,
        1,
        1,
        1,
        1,
        null,
        null,
        1,
        1,
        1,
        null,
        null,
        1,
        1,
        1,
        null,
        null,
        1,
        1,
        1,
        null,
        null,
        null,
        2,
        2,
        2,
        2,
        null,
        1,
        1,
        1,
        1,
        null,
        null,
        1,
        1,
        1,
        null,
        null,
        1,
        1,
        1,
        null,
        null,
        1,
        1,
        1,
        null,
        null,
        null
      ],
      "/home/beck/ringmd/levied/lib/sales_tax/context.rb": [
        1,
        null,
        null,
        1,
        null,
        null,
        null,
        null,
        null,
        1,
        null,
        null,
        1,
        10,
        null,
        null,
        null,
        null,
        null,
        null,
        null,
        1,
        1,
        1,
        1,
        1,
        null,
        null,
        null,
        1,
        9,
        9,
        null,
        null,
        null,
        1,
        null,
        1,
        null,
        null,
        9,
        null,
        null,
        null
      ]
    },
    "timestamp": 1480504859
  }
}
