{
  "RSpec": {
    "coverage": {
      "/home/beck/ringmd/levied/lib/no_product.rb": [
        null,
        null,
        null,
        null,
        null,
        1,
        1,
        1,
        1,
        1,
        1,
        null,
        null,
        1,
        1,
        null,
        null,
        null,
        1,
        1,
        null,
        null,
        null,
        1,
        1,
        null,
        null,
        null,
        1,
        1,
        null,
        null,
        null,
        1,
        1,
        null,
        null,
        null,
        null
      ],
      "/home/beck/ringmd/levied/lib/order.rb": [
        1,
        null,
        1,
        null,
        1,
        null,
        1,
        5,
        null,
        null,
        1,
        6,
        5,
        null,
        null,
        1,
        1,
        null,
        null,
        1,
        1,
        null,
        null,
        1,
        null,
        1,
        2,
        2,
        4,
        null,
        2,
        null,
        null,
        1,
        6,
        1,
        null,
        null,
        null,
        null,
        null,
        null
      ],
      "/home/beck/ringmd/levied/lib/product_parser.rb": [
        1,
        null,
        1,
        null,
        1,
        null,
        1,
        8,
        8,
        8,
        null,
        null,
        1,
        8,
        null,
        null,
        1,
        8,
        8,
        null,
        null,
        1,
        null,
        1,
        8,
        null,
        null,
        1,
        8,
        8,
        20,
        6,
        6,
        null,
        null,
        8,
        null,
        null,
        1,
        8,
        28,
        28,
        null,
        null,
        null
      ],
      "/home/beck/ringmd/levied/lib/identifiers.rb": [
        1,
        1,
        1,
        1,
        1,
        null,
        1,
        null,
        1,
        null
      ],
      "/home/beck/ringmd/levied/lib/sales_tax/calculator.rb": [
        1,
        1,
        1,
        null,
        1,
        1,
        null,
        1,
        1,
        null,
        1,
        null,
        1,
        11,
        11,
        11,
        null,
        null,
        1,
        9,
        9,
        null,
        null,
        1,
        19,
        null,
        null,
        1,
        null,
        1,
        19,
        19,
        19,
        19,
        null,
        null,
        1,
        19,
        null,
        null,
        null,
        null
      ],
      "/home/beck/ringmd/levied/lib/sales_tax/values.rb": [
        1,
        1,
        1,
        1,
        1,
        1,
        1,
        null,
        null
      ],
      "/home/beck/ringmd/levied/lib/sales_tax/rules.rb": [
        1,
        1,
        1,
        20,
        null,
        null
      ],
      "/home/beck/ringmd/levied/lib/core_ext/numeric.rb": [
        1,
        1,
        19,
        null,
        null,
        null
      ],
      "/home/beck/ringmd/levied/lib/sales_tax/context.rb": [
        1,
        null,
        1,
        1,
        null,
        1,
        8,
        null,
        null,
        1,
        8,
        8,
        null,
        null,
        null,
        1,
        null,
        1,
        null,
        null,
        8,
        null,
        null,
        null,
        null,
        null
      ],
      "/home/beck/ringmd/levied/lib/product.rb": [
        0,
        0,
        0,
        0,
        0,
        0,
        0,
        0,
        0,
        0,
        0,
        0,
        0,
        0,
        0,
        0,
        0,
        0,
        0,
        0,
        0,
        0,
        0,
        0,
        0,
        0,
        0,
        0
      ],
      "/home/beck/ringmd/levied/lib/sales_tax.rb": [
        0,
        0
      ],
      "/home/beck/ringmd/levied/lib/error.rb": [
        0,
        0,
        0,
        0,
        0,
        0,
        0
      ],
      "/home/beck/ringmd/levied/lib/main.rb": [
        0,
        0,
        0,
        0,
        0,
        0,
        0,
        0,
        0,
        0,
        0,
        0,
        0,
        0,
        0,
        0,
        0,
        0,
        0,
        0,
        0,
        0,
        0,
        0,
        0,
        0,
        0,
        0,
        0,
        0,
        0
      ]
    },
    "timestamp": 1480461770
  }
}
